{"@timestamp":"2023-04-13T00:18:45.313Z","@version":"1","message":"Closing JPA EntityManagerFactory for persistence unit 'default'","logger_name":"org.springframework.orm.jpa.LocalContainerEntityManagerFactoryBean","thread_name":"SpringApplicationShutdownHook","level":"INFO","level_value":20000}
{"@timestamp":"2023-04-13T00:18:45.319Z","@version":"1","message":"HHH000477: Starting delayed evictData of schema as part of SessionFactory shut-down'","logger_name":"org.hibernate.tool.schema.internal.SchemaDropperImpl$DelayedDropActionImpl","thread_name":"SpringApplicationShutdownHook","level":"INFO","level_value":20000}
{"@timestamp":"2023-04-13T00:18:45.358Z","@version":"1","message":"HikariPool-1 - Shutdown initiated...","logger_name":"com.zaxxer.hikari.HikariDataSource","thread_name":"SpringApplicationShutdownHook","level":"INFO","level_value":20000}
{"@timestamp":"2023-04-13T00:18:45.363Z","@version":"1","message":"HikariPool-1 - Shutdown completed.","logger_name":"com.zaxxer.hikari.HikariDataSource","thread_name":"SpringApplicationShutdownHook","level":"INFO","level_value":20000}
{"@timestamp":"2023-04-13T00:19:03.382Z","@version":"1","message":"HV000001: Hibernate Validator 6.2.0.Final","logger_name":"org.hibernate.validator.internal.util.Version","thread_name":"background-preinit","level":"INFO","level_value":20000}
{"@timestamp":"2023-04-13T00:19:03.398Z","@version":"1","message":"Starting CineminhaApplication v0.0.1-SNAPSHOT using Java 11.0.16 on cineminha with PID 1 (/usr/app/app.jar started by root in /)","logger_name":"br.com.zup.edu.cineminha.CineminhaApplication","thread_name":"main","level":"INFO","level_value":20000}
{"@timestamp":"2023-04-13T00:19:03.4Z","@version":"1","message":"No active profile set, falling back to default profiles: default","logger_name":"br.com.zup.edu.cineminha.CineminhaApplication","thread_name":"main","level":"INFO","level_value":20000}
{"@timestamp":"2023-04-13T00:19:05.086Z","@version":"1","message":"Bootstrapping Spring Data JPA repositories in DEFAULT mode.","logger_name":"org.springframework.data.repository.config.RepositoryConfigurationDelegate","thread_name":"main","level":"INFO","level_value":20000}
{"@timestamp":"2023-04-13T00:19:05.166Z","@version":"1","message":"Finished Spring Data repository scanning in 66 ms. Found 3 JPA repository interfaces.","logger_name":"org.springframework.data.repository.config.RepositoryConfigurationDelegate","thread_name":"main","level":"INFO","level_value":20000}
{"@timestamp":"2023-04-13T00:19:06.012Z","@version":"1","message":"Tomcat initialized with port(s): 8080 (http)","logger_name":"org.springframework.boot.web.embedded.tomcat.TomcatWebServer","thread_name":"main","level":"INFO","level_value":20000}
{"@timestamp":"2023-04-13T00:19:06.038Z","@version":"1","message":"Initializing ProtocolHandler [\"http-nio-8080\"]","logger_name":"org.apache.coyote.http11.Http11NioProtocol","thread_name":"main","level":"INFO","level_value":20000}
{"@timestamp":"2023-04-13T00:19:06.039Z","@version":"1","message":"Starting service [Tomcat]","logger_name":"org.apache.catalina.core.StandardService","thread_name":"main","level":"INFO","level_value":20000}
{"@timestamp":"2023-04-13T00:19:06.04Z","@version":"1","message":"Starting Servlet engine: [Apache Tomcat/9.0.56]","logger_name":"org.apache.catalina.core.StandardEngine","thread_name":"main","level":"INFO","level_value":20000}
{"@timestamp":"2023-04-13T00:19:06.137Z","@version":"1","message":"Initializing Spring embedded WebApplicationContext","logger_name":"org.apache.catalina.core.ContainerBase.[Tomcat].[localhost].[/]","thread_name":"main","level":"INFO","level_value":20000}
{"@timestamp":"2023-04-13T00:19:06.138Z","@version":"1","message":"Root WebApplicationContext: initialization completed in 2555 ms","logger_name":"org.springframework.boot.web.servlet.context.ServletWebServerApplicationContext","thread_name":"main","level":"INFO","level_value":20000}
{"@timestamp":"2023-04-13T00:19:06.37Z","@version":"1","message":"HikariPool-1 - Starting...","logger_name":"com.zaxxer.hikari.HikariDataSource","thread_name":"main","level":"INFO","level_value":20000}
{"@timestamp":"2023-04-13T00:19:06.762Z","@version":"1","message":"HikariPool-1 - Start completed.","logger_name":"com.zaxxer.hikari.HikariDataSource","thread_name":"main","level":"INFO","level_value":20000}
{"@timestamp":"2023-04-13T00:19:06.777Z","@version":"1","message":"H2 console available at '/h2-console'. Database available at 'jdbc:h2:mem:testdb'","logger_name":"org.springframework.boot.autoconfigure.h2.H2ConsoleAutoConfiguration","thread_name":"main","level":"INFO","level_value":20000}
{"@timestamp":"2023-04-13T00:19:07.018Z","@version":"1","message":"HHH000204: Processing PersistenceUnitInfo [name: default]","logger_name":"org.hibernate.jpa.internal.util.LogHelper","thread_name":"main","level":"INFO","level_value":20000}
{"@timestamp":"2023-04-13T00:19:07.102Z","@version":"1","message":"HHH000412: Hibernate ORM core version 5.6.4.Final","logger_name":"org.hibernate.Version","thread_name":"main","level":"INFO","level_value":20000}
{"@timestamp":"2023-04-13T00:19:07.284Z","@version":"1","message":"HCANN000001: Hibernate Commons Annotations {5.1.2.Final}","logger_name":"org.hibernate.annotations.common.Version","thread_name":"main","level":"INFO","level_value":20000}
{"@timestamp":"2023-04-13T00:19:07.429Z","@version":"1","message":"HHH000400: Using dialect: org.hibernate.dialect.H2Dialect","logger_name":"org.hibernate.dialect.Dialect","thread_name":"main","level":"INFO","level_value":20000}
{"@timestamp":"2023-04-13T00:19:08.232Z","@version":"1","message":"HHH000490: Using JtaPlatform implementation: [org.hibernate.engine.transaction.jta.platform.internal.NoJtaPlatform]","logger_name":"org.hibernate.engine.transaction.jta.platform.internal.JtaPlatformInitiator","thread_name":"main","level":"INFO","level_value":20000}
{"@timestamp":"2023-04-13T00:19:08.258Z","@version":"1","message":"Initialized JPA EntityManagerFactory for persistence unit 'default'","logger_name":"org.springframework.orm.jpa.LocalContainerEntityManagerFactoryBean","thread_name":"main","level":"INFO","level_value":20000}
{"@timestamp":"2023-04-13T00:19:08.832Z","@version":"1","message":"spring.jpa.open-in-view is enabled by default. Therefore, database queries may be performed during view rendering. Explicitly configure spring.jpa.open-in-view to disable this warning","logger_name":"org.springframework.boot.autoconfigure.orm.jpa.JpaBaseConfiguration$JpaWebConfiguration","thread_name":"main","level":"WARN","level_value":30000}
{"@timestamp":"2023-04-13T00:19:09.474Z","@version":"1","message":"Exposing 4 endpoint(s) beneath base path '/actuator'","logger_name":"org.springframework.boot.actuate.endpoint.web.EndpointLinksResolver","thread_name":"main","level":"INFO","level_value":20000}
{"@timestamp":"2023-04-13T00:19:09.511Z","@version":"1","message":"Starting ProtocolHandler [\"http-nio-8080\"]","logger_name":"org.apache.coyote.http11.Http11NioProtocol","thread_name":"main","level":"INFO","level_value":20000}
{"@timestamp":"2023-04-13T00:19:09.557Z","@version":"1","message":"Tomcat started on port(s): 8080 (http) with context path ''","logger_name":"org.springframework.boot.web.embedded.tomcat.TomcatWebServer","thread_name":"main","level":"INFO","level_value":20000}
{"@timestamp":"2023-04-13T00:19:09.588Z","@version":"1","message":"Started CineminhaApplication in 6.766 seconds (JVM running for 7.967)","logger_name":"br.com.zup.edu.cineminha.CineminhaApplication","thread_name":"main","level":"INFO","level_value":20000}
{"@timestamp":"2023-04-13T00:19:18.805Z","@version":"1","message":"Initializing Spring DispatcherServlet 'dispatcherServlet'","logger_name":"org.apache.catalina.core.ContainerBase.[Tomcat].[localhost].[/]","thread_name":"http-nio-8080-exec-1","level":"INFO","level_value":20000}
{"@timestamp":"2023-04-13T00:19:18.806Z","@version":"1","message":"Initializing Servlet 'dispatcherServlet'","logger_name":"org.springframework.web.servlet.DispatcherServlet","thread_name":"http-nio-8080-exec-1","level":"INFO","level_value":20000}
{"@timestamp":"2023-04-13T00:19:18.808Z","@version":"1","message":"Completed initialization in 1 ms","logger_name":"org.springframework.web.servlet.DispatcherServlet","thread_name":"http-nio-8080-exec-1","level":"INFO","level_value":20000}
